<?xml version="1.0" encoding="UTF-8"?>
<!-- Generated by org.testng.reporters.JUnitReportReporter -->
<testsuite skipped="0" hostname="DESKTOP-P1I6A07" name="testCases.FlatsaleTest" tests="1" failures="0" timestamp="2022-03-27T16:12:24 IST" time="10.583" errors="0">
  <testcase name="Flatsale" time="10.583" classname="testCases.FlatsaleTest"/>
  <system-out/>
</testsuite> <!-- testCases.FlatsaleTest -->
