<?xml version="1.0" encoding="UTF-8"?>
<!-- Generated by org.testng.reporters.JUnitReportReporter -->
<testsuite skipped="0" hostname="DESKTOP-P1I6A07" name="testCases.SellerTest" tests="1" failures="0" timestamp="2022-03-27T16:12:24 IST" time="4.508" errors="0">
  <testcase name="Seller" time="4.508" classname="testCases.SellerTest"/>
  <system-out/>
</testsuite> <!-- testCases.SellerTest -->
