<?xml version="1.0" encoding="UTF-8"?>
<!-- Generated by org.testng.reporters.JUnitReportReporter -->
<testsuite skipped="0" hostname="DESKTOP-P1I6A07" name="testCases.BlogTest" tests="1" failures="0" timestamp="2022-03-27T16:12:24 IST" time="38.303" errors="0">
  <testcase name="Blog" time="38.303" classname="testCases.BlogTest"/>
  <system-out/>
</testsuite> <!-- testCases.BlogTest -->
